This file contains any messages produced by compilers while
running configure, to aid debugging if configure makes a mistake.

It was created by dash configure 0.5.9.1, which was
generated by GNU Autoconf 2.71.  Invocation command line was

  $ ./configure --prefix=/tmp --no-create --no-recursion

## --------- ##
## Platform. ##
## --------- ##

hostname = 192.168.1.4
uname -m = x86_64
uname -r = 20.3.0
uname -s = Darwin
uname -v = Darwin Kernel Version 20.3.0: Thu Jan 21 00:07:06 PST 2021; root:xnu-7195.81.3~1/RELEASE_X86_64

/usr/bin/uname -p = i386
/bin/uname -X     = unknown

/bin/arch              = unknown
/usr/bin/arch -k       = unknown
/usr/convex/getsysinfo = unknown
/usr/bin/hostinfo      = Mach kernel version:
	 Darwin Kernel Version 20.3.0: Thu Jan 21 00:07:06 PST 2021; root:xnu-7195.81.3~1/RELEASE_X86_64
Kernel configured for up to 8 processors.
4 processors are physically available.
8 processors are logically available.
Processor type: x86_64h (Intel x86-64h Haswell)
Processors active: 0 1 2 3 4 5 6 7
Primary memory available: 16.00 gigabytes
Default processor set: 445 tasks, 1810 threads, 8 processors
Load average: 2.74, Mach factor: 5.26
/bin/machine           = unknown
/usr/bin/oslevel       = unknown
/bin/universe          = unknown

PATH: /Users/admin/Library/Python/2.7/bin/
PATH: /Users/admin/theos/bin/
PATH: /usr/local/sbin/
PATH: /usr/local/bin/
PATH: /usr/local/bin/
PATH: /usr/bin/
PATH: /bin/
PATH: /usr/sbin/
PATH: /sbin/
PATH: /Applications/VMware Fusion.app/Contents/Public/
PATH: /Library/Apple/usr/bin/
PATH: /Users/admin/Library/Python/2.7/bin/
PATH: /Users/admin/theos/bin/
PATH: /usr/local/sbin/


## ----------- ##
## Core tests. ##
## ----------- ##

configure:2591: looking for aux files: compile missing install-sh
configure:2604:  trying ./
configure:2633:   ./compile found
configure:2633:   ./missing found
configure:2615:   ./install-sh found
configure:2762: checking for a BSD-compatible install
configure:2835: result: /usr/bin/install -c
configure:2846: checking whether build environment is sane
configure:2901: result: yes
configure:3060: checking for a race-free mkdir -p
configure:3104: result: ./install-sh -c -d
configure:3111: checking for gawk
configure:3146: result: no
configure:3111: checking for mawk
configure:3146: result: no
configure:3111: checking for nawk
configure:3146: result: no
configure:3111: checking for awk
configure:3132: found /usr/bin/awk
configure:3143: result: awk
configure:3154: checking whether make sets $(MAKE)
configure:3177: result: yes
configure:3207: checking whether make supports nested variables
configure:3225: result: yes
configure:3414: checking for gcc
configure:3435: found /usr/bin/gcc
configure:3446: result: gcc
configure:3799: checking for C compiler version
configure:3808: gcc --version >&5
Apple clang version 12.0.0 (clang-1200.0.32.29)
Target: x86_64-apple-darwin20.3.0
Thread model: posix
InstalledDir: /Applications/Xcode.app/Contents/Developer/Toolchains/XcodeDefault.xctoolchain/usr/bin
Configured with: --prefix=/Applications/Xcode.app/Contents/Developer/usr --with-gxx-include-dir=/Applications/Xcode.app/Contents/Developer/Platforms/MacOSX.platform/Developer/SDKs/MacOSX.sdk/usr/include/c++/4.2.1
configure:3819: $? = 0
configure:3808: gcc -v >&5
Configured with: --prefix=/Applications/Xcode.app/Contents/Developer/usr --with-gxx-include-dir=/Applications/Xcode.app/Contents/Developer/Platforms/MacOSX.platform/Developer/SDKs/MacOSX.sdk/usr/include/c++/4.2.1
Apple clang version 12.0.0 (clang-1200.0.32.29)
Target: x86_64-apple-darwin20.3.0
Thread model: posix
InstalledDir: /Applications/Xcode.app/Contents/Developer/Toolchains/XcodeDefault.xctoolchain/usr/bin
configure:3819: $? = 0
configure:3808: gcc -V >&5
clang: error: argument to '-V' is missing (expected 1 value)
clang: error: no input files
configure:3819: $? = 1
configure:3808: gcc -qversion >&5
clang: error: unknown argument '-qversion'; did you mean '--version'?
clang: error: no input files
configure:3819: $? = 1
configure:3808: gcc -version >&5
clang: error: unknown argument '-version'; did you mean '--version'?
clang: error: no input files
configure:3819: $? = 1
configure:3839: checking whether the C compiler works
configure:3861: gcc    conftest.c  >&5
configure:3865: $? = 0
configure:3915: result: yes
configure:3918: checking for C compiler default output file name
configure:3920: result: a.out
configure:3926: checking for suffix of executables
configure:3933: gcc -o conftest    conftest.c  >&5
configure:3937: $? = 0
configure:3960: result: 
configure:3982: checking whether we are cross compiling
configure:3990: gcc -o conftest    conftest.c  >&5
configure:3994: $? = 0
configure:4001: ./conftest
configure:4005: $? = 0
configure:4020: result: no
configure:4025: checking for suffix of object files
configure:4048: gcc -c   conftest.c >&5
configure:4052: $? = 0
configure:4074: result: o
configure:4078: checking whether the compiler supports GNU C
configure:4098: gcc -c   conftest.c >&5
configure:4098: $? = 0
configure:4108: result: yes
configure:4119: checking whether gcc accepts -g
configure:4140: gcc -c -g  conftest.c >&5
configure:4140: $? = 0
configure:4184: result: yes
configure:4204: checking for gcc option to enable C11 features
configure:4219: gcc  -c -g -O2  conftest.c >&5
configure:4219: $? = 0
configure:4237: result: none needed
configure:4353: checking whether gcc understands -c and -o together
configure:4376: gcc -c conftest.c -o conftest2.o
configure:4379: $? = 0
configure:4376: gcc -c conftest.c -o conftest2.o
configure:4379: $? = 0
configure:4391: result: yes
configure:4411: checking whether make supports the include directive
configure:4426: make -f confmf.GNU && cat confinc.out
this is the am__doit target
configure:4429: $? = 0
configure:4448: result: yes (GNU style)
configure:4474: checking dependency style of gcc
configure:4586: result: gcc3
configure:4606: checking for stdio.h
configure:4606: gcc -c -g -O2  conftest.c >&5
configure:4606: $? = 0
configure:4606: result: yes
configure:4606: checking for stdlib.h
configure:4606: gcc -c -g -O2  conftest.c >&5
configure:4606: $? = 0
configure:4606: result: yes
configure:4606: checking for string.h
configure:4606: gcc -c -g -O2  conftest.c >&5
configure:4606: $? = 0
configure:4606: result: yes
configure:4606: checking for inttypes.h
configure:4606: gcc -c -g -O2  conftest.c >&5
configure:4606: $? = 0
configure:4606: result: yes
configure:4606: checking for stdint.h
configure:4606: gcc -c -g -O2  conftest.c >&5
configure:4606: $? = 0
configure:4606: result: yes
configure:4606: checking for strings.h
configure:4606: gcc -c -g -O2  conftest.c >&5
configure:4606: $? = 0
configure:4606: result: yes
configure:4606: checking for sys/stat.h
configure:4606: gcc -c -g -O2  conftest.c >&5
configure:4606: $? = 0
configure:4606: result: yes
configure:4606: checking for sys/types.h
configure:4606: gcc -c -g -O2  conftest.c >&5
configure:4606: $? = 0
configure:4606: result: yes
configure:4606: checking for unistd.h
configure:4606: gcc -c -g -O2  conftest.c >&5
configure:4606: $? = 0
configure:4606: result: yes
configure:4606: checking for wchar.h
configure:4606: gcc -c -g -O2  conftest.c >&5
configure:4606: $? = 0
configure:4606: result: yes
configure:4606: checking for minix/config.h
configure:4606: gcc -c -g -O2  conftest.c >&5
conftest.c:49:10: fatal error: 'minix/config.h' file not found
#include <minix/config.h>
         ^~~~~~~~~~~~~~~~
1 error generated.
configure:4606: $? = 1
configure: failed program was:
| /* confdefs.h */
| #define PACKAGE_NAME "dash"
| #define PACKAGE_TARNAME "dash"
| #define PACKAGE_VERSION "0.5.9.1"
| #define PACKAGE_STRING "dash 0.5.9.1"
| #define PACKAGE_BUGREPORT ""
| #define PACKAGE_URL ""
| #define PACKAGE "dash"
| #define VERSION "0.5.9.1"
| #define HAVE_STDIO_H 1
| #define HAVE_STDLIB_H 1
| #define HAVE_STRING_H 1
| #define HAVE_INTTYPES_H 1
| #define HAVE_STDINT_H 1
| #define HAVE_STRINGS_H 1
| #define HAVE_SYS_STAT_H 1
| #define HAVE_SYS_TYPES_H 1
| #define HAVE_UNISTD_H 1
| #define HAVE_WCHAR_H 1
| /* end confdefs.h.  */
| #include <stddef.h>
| #ifdef HAVE_STDIO_H
| # include <stdio.h>
| #endif
| #ifdef HAVE_STDLIB_H
| # include <stdlib.h>
| #endif
| #ifdef HAVE_STRING_H
| # include <string.h>
| #endif
| #ifdef HAVE_INTTYPES_H
| # include <inttypes.h>
| #endif
| #ifdef HAVE_STDINT_H
| # include <stdint.h>
| #endif
| #ifdef HAVE_STRINGS_H
| # include <strings.h>
| #endif
| #ifdef HAVE_SYS_TYPES_H
| # include <sys/types.h>
| #endif
| #ifdef HAVE_SYS_STAT_H
| # include <sys/stat.h>
| #endif
| #ifdef HAVE_UNISTD_H
| # include <unistd.h>
| #endif
| #include <minix/config.h>
configure:4606: result: no
configure:4637: checking whether it is safe to define __EXTENSIONS__
configure:4656: gcc -c -g -O2  conftest.c >&5
configure:4656: $? = 0
configure:4664: result: yes
configure:4667: checking whether _XOPEN_SOURCE should be defined
configure:4689: gcc -c -g -O2  conftest.c >&5
configure:4689: $? = 0
configure:4716: result: no
configure:4777: checking for bison
configure:4798: found /usr/bin/bison
configure:4809: result: bison -y
configure:4822: checking for build system compiler
configure:4829: result: gcc
configure:4833: checking for __attribute__((__alias__()))
configure:4848: gcc -o conftest -g -O2   conftest.c  >&5
conftest.c:39:58: error: aliases are not supported on darwin
                                 void a() __attribute__((__alias__("t")));
                                                         ^
1 error generated.
configure:4848: $? = 1
configure: failed program was:
| /* confdefs.h */
| #define PACKAGE_NAME "dash"
| #define PACKAGE_TARNAME "dash"
| #define PACKAGE_VERSION "0.5.9.1"
| #define PACKAGE_STRING "dash 0.5.9.1"
| #define PACKAGE_BUGREPORT ""
| #define PACKAGE_URL ""
| #define PACKAGE "dash"
| #define VERSION "0.5.9.1"
| #define HAVE_STDIO_H 1
| #define HAVE_STDLIB_H 1
| #define HAVE_STRING_H 1
| #define HAVE_INTTYPES_H 1
| #define HAVE_STDINT_H 1
| #define HAVE_STRINGS_H 1
| #define HAVE_SYS_STAT_H 1
| #define HAVE_SYS_TYPES_H 1
| #define HAVE_UNISTD_H 1
| #define HAVE_WCHAR_H 1
| #define STDC_HEADERS 1
| #define _ALL_SOURCE 1
| #define _DARWIN_C_SOURCE 1
| #define _GNU_SOURCE 1
| #define _HPUX_ALT_XOPEN_SOCKET_API 1
| #define _NETBSD_SOURCE 1
| #define _OPENBSD_SOURCE 1
| #define _POSIX_PTHREAD_SEMANTICS 1
| #define __STDC_WANT_IEC_60559_ATTRIBS_EXT__ 1
| #define __STDC_WANT_IEC_60559_BFP_EXT__ 1
| #define __STDC_WANT_IEC_60559_DFP_EXT__ 1
| #define __STDC_WANT_IEC_60559_FUNCS_EXT__ 1
| #define __STDC_WANT_IEC_60559_TYPES_EXT__ 1
| #define __STDC_WANT_LIB_EXT2__ 1
| #define __STDC_WANT_MATH_SPEC_FUNCS__ 1
| #define _TANDEM_SOURCE 1
| #define __EXTENSIONS__ 1
| /* end confdefs.h.  */
| void t() {}
|                                  void a() __attribute__((__alias__("t")));
| int
| main (void)
| {
| a();
|   ;
|   return 0;
| }
configure:4854: result: no
configure:4886: checking for alloca.h
configure:4886: gcc -c -g -O2  conftest.c >&5
configure:4886: $? = 0
configure:4886: result: yes
configure:4892: checking for paths.h
configure:4892: gcc -c -g -O2  conftest.c >&5
configure:4892: $? = 0
configure:4892: result: yes
configure:4900: checking for gcc options needed to detect all undeclared functions
configure:4922: gcc -c -g -O2   conftest.c >&5
conftest.c:44:8: error: implicitly declaring library function 'strchr' with type 'char *(const char *, int)' [-Werror,-Wimplicit-function-declaration]
(void) strchr;
       ^
conftest.c:44:8: note: include the header <string.h> or explicitly provide a declaration for 'strchr'
1 error generated.
configure:4922: $? = 1
configure: failed program was:
| /* confdefs.h */
| #define PACKAGE_NAME "dash"
| #define PACKAGE_TARNAME "dash"
| #define PACKAGE_VERSION "0.5.9.1"
| #define PACKAGE_STRING "dash 0.5.9.1"
| #define PACKAGE_BUGREPORT ""
| #define PACKAGE_URL ""
| #define PACKAGE "dash"
| #define VERSION "0.5.9.1"
| #define HAVE_STDIO_H 1
| #define HAVE_STDLIB_H 1
| #define HAVE_STRING_H 1
| #define HAVE_INTTYPES_H 1
| #define HAVE_STDINT_H 1
| #define HAVE_STRINGS_H 1
| #define HAVE_SYS_STAT_H 1
| #define HAVE_SYS_TYPES_H 1
| #define HAVE_UNISTD_H 1
| #define HAVE_WCHAR_H 1
| #define STDC_HEADERS 1
| #define _ALL_SOURCE 1
| #define _DARWIN_C_SOURCE 1
| #define _GNU_SOURCE 1
| #define _HPUX_ALT_XOPEN_SOCKET_API 1
| #define _NETBSD_SOURCE 1
| #define _OPENBSD_SOURCE 1
| #define _POSIX_PTHREAD_SEMANTICS 1
| #define __STDC_WANT_IEC_60559_ATTRIBS_EXT__ 1
| #define __STDC_WANT_IEC_60559_BFP_EXT__ 1
| #define __STDC_WANT_IEC_60559_DFP_EXT__ 1
| #define __STDC_WANT_IEC_60559_FUNCS_EXT__ 1
| #define __STDC_WANT_IEC_60559_TYPES_EXT__ 1
| #define __STDC_WANT_LIB_EXT2__ 1
| #define __STDC_WANT_MATH_SPEC_FUNCS__ 1
| #define _TANDEM_SOURCE 1
| #define __EXTENSIONS__ 1
| #define HAVE_ALLOCA_H 1
| #define HAVE_PATHS_H 1
| /* end confdefs.h.  */
| 
| int
| main (void)
| {
| (void) strchr;
|   ;
|   return 0;
| }
configure:4949: gcc -c -g -O2   conftest.c >&5
configure:4949: $? = 0
configure:4966: result: none needed
configure:4980: checking whether _PATH_BSHELL is declared
configure:4980: gcc -c -g -O2   conftest.c >&5
configure:4980: $? = 0
configure:4980: result: yes
configure:4994: checking whether _PATH_DEVNULL is declared
configure:4994: gcc -c -g -O2   conftest.c >&5
configure:4994: $? = 0
configure:4994: result: yes
configure:5008: checking whether _PATH_TTY is declared
configure:5008: gcc -c -g -O2   conftest.c >&5
configure:5008: $? = 0
configure:5008: result: yes
configure:5023: checking whether isblank is declared
configure:5023: gcc -c -g -O2   conftest.c >&5
configure:5023: $? = 0
configure:5023: result: yes
configure:5038: checking size of intmax_t
configure:5044: gcc -o conftest -g -O2   conftest.c  >&5
configure:5044: $? = 0
configure:5044: ./conftest
configure:5044: $? = 0
configure:5059: result: 8
configure:5071: checking size of long long int
configure:5077: gcc -o conftest -g -O2   conftest.c  >&5
configure:5077: $? = 0
configure:5077: ./conftest
configure:5077: $? = 0
configure:5092: result: 8
configure:5107: checking whether PRIdMAX is declared
configure:5107: gcc -c -g -O2   conftest.c >&5
configure:5107: $? = 0
configure:5107: result: yes
configure:5120: checking for bsearch
configure:5120: gcc -o conftest -g -O2   conftest.c  >&5
configure:5120: $? = 0
configure:5120: result: yes
configure:5126: checking for faccessat
configure:5126: gcc -o conftest -g -O2   conftest.c  >&5
configure:5126: $? = 0
configure:5126: result: yes
configure:5132: checking for getpwnam
configure:5132: gcc -o conftest -g -O2   conftest.c  >&5
configure:5132: $? = 0
configure:5132: result: yes
configure:5138: checking for getrlimit
configure:5138: gcc -o conftest -g -O2   conftest.c  >&5
configure:5138: $? = 0
configure:5138: result: yes
configure:5144: checking for isalpha
configure:5144: gcc -o conftest -g -O2   conftest.c  >&5
conftest.c:63:6: warning: incompatible redeclaration of library function 'isalpha' [-Wincompatible-library-redeclaration]
char isalpha ();
     ^
conftest.c:63:6: note: 'isalpha' is a builtin with type 'int (int)'
1 warning generated.
configure:5144: $? = 0
configure:5144: result: yes
configure:5150: checking for killpg
configure:5150: gcc -o conftest -g -O2   conftest.c  >&5
configure:5150: $? = 0
configure:5150: result: yes
configure:5156: checking for mempcpy
configure:5156: gcc -o conftest -g -O2   conftest.c  >&5
Undefined symbols for architecture x86_64:
  "_mempcpy", referenced from:
      _main in conftest-0a810d.o
ld: symbol(s) not found for architecture x86_64
clang: error: linker command failed with exit code 1 (use -v to see invocation)
configure:5156: $? = 1
configure: failed program was:
| /* confdefs.h */
| #define PACKAGE_NAME "dash"
| #define PACKAGE_TARNAME "dash"
| #define PACKAGE_VERSION "0.5.9.1"
| #define PACKAGE_STRING "dash 0.5.9.1"
| #define PACKAGE_BUGREPORT ""
| #define PACKAGE_URL ""
| #define PACKAGE "dash"
| #define VERSION "0.5.9.1"
| #define HAVE_STDIO_H 1
| #define HAVE_STDLIB_H 1
| #define HAVE_STRING_H 1
| #define HAVE_INTTYPES_H 1
| #define HAVE_STDINT_H 1
| #define HAVE_STRINGS_H 1
| #define HAVE_SYS_STAT_H 1
| #define HAVE_SYS_TYPES_H 1
| #define HAVE_UNISTD_H 1
| #define HAVE_WCHAR_H 1
| #define STDC_HEADERS 1
| #define _ALL_SOURCE 1
| #define _DARWIN_C_SOURCE 1
| #define _GNU_SOURCE 1
| #define _HPUX_ALT_XOPEN_SOCKET_API 1
| #define _NETBSD_SOURCE 1
| #define _OPENBSD_SOURCE 1
| #define _POSIX_PTHREAD_SEMANTICS 1
| #define __STDC_WANT_IEC_60559_ATTRIBS_EXT__ 1
| #define __STDC_WANT_IEC_60559_BFP_EXT__ 1
| #define __STDC_WANT_IEC_60559_DFP_EXT__ 1
| #define __STDC_WANT_IEC_60559_FUNCS_EXT__ 1
| #define __STDC_WANT_IEC_60559_TYPES_EXT__ 1
| #define __STDC_WANT_LIB_EXT2__ 1
| #define __STDC_WANT_MATH_SPEC_FUNCS__ 1
| #define _TANDEM_SOURCE 1
| #define __EXTENSIONS__ 1
| #define HAVE_ALLOCA_H 1
| #define HAVE_PATHS_H 1
| #define HAVE_DECL_ISBLANK 1
| #define SIZEOF_INTMAX_T 8
| #define SIZEOF_LONG_LONG_INT 8
| #define HAVE_BSEARCH 1
| #define HAVE_FACCESSAT 1
| #define HAVE_GETPWNAM 1
| #define HAVE_GETRLIMIT 1
| #define HAVE_ISALPHA 1
| #define HAVE_KILLPG 1
| /* end confdefs.h.  */
| /* Define mempcpy to an innocuous variant, in case <limits.h> declares mempcpy.
|    For example, HP-UX 11i <limits.h> declares gettimeofday.  */
| #define mempcpy innocuous_mempcpy
| 
| /* System header to define __stub macros and hopefully few prototypes,
|    which can conflict with char mempcpy (); below.  */
| 
| #include <limits.h>
| #undef mempcpy
| 
| /* Override any GCC internal prototype to avoid an error.
|    Use char because int might match the return type of a GCC
|    builtin and then its argument prototype would still apply.  */
| #ifdef __cplusplus
| extern "C"
| #endif
| char mempcpy ();
| /* The GNU C library defines this for functions which it implements
|     to always fail with ENOSYS.  Some functions are actually named
|     something starting with __ and the normal name is an alias.  */
| #if defined __stub_mempcpy || defined __stub___mempcpy
| choke me
| #endif
| 
| int
| main (void)
| {
| return mempcpy ();
|   ;
|   return 0;
| }
configure:5156: result: no
configure:5162: checking for sigsetmask
configure:5162: gcc -o conftest -g -O2   conftest.c  >&5
configure:5162: $? = 0
configure:5162: result: yes
configure:5168: checking for stpcpy
configure:5168: gcc -o conftest -g -O2   conftest.c  >&5
conftest.c:66:6: warning: incompatible redeclaration of library function 'stpcpy' [-Wincompatible-library-redeclaration]
char stpcpy ();
     ^
conftest.c:66:6: note: 'stpcpy' is a builtin with type 'char *(char *, const char *)'
1 warning generated.
configure:5168: $? = 0
configure:5168: result: yes
configure:5174: checking for strchrnul
configure:5174: gcc -o conftest -g -O2   conftest.c  >&5
Undefined symbols for architecture x86_64:
  "_strchrnul", referenced from:
      _main in conftest-43937e.o
ld: symbol(s) not found for architecture x86_64
clang: error: linker command failed with exit code 1 (use -v to see invocation)
configure:5174: $? = 1
configure: failed program was:
| /* confdefs.h */
| #define PACKAGE_NAME "dash"
| #define PACKAGE_TARNAME "dash"
| #define PACKAGE_VERSION "0.5.9.1"
| #define PACKAGE_STRING "dash 0.5.9.1"
| #define PACKAGE_BUGREPORT ""
| #define PACKAGE_URL ""
| #define PACKAGE "dash"
| #define VERSION "0.5.9.1"
| #define HAVE_STDIO_H 1
| #define HAVE_STDLIB_H 1
| #define HAVE_STRING_H 1
| #define HAVE_INTTYPES_H 1
| #define HAVE_STDINT_H 1
| #define HAVE_STRINGS_H 1
| #define HAVE_SYS_STAT_H 1
| #define HAVE_SYS_TYPES_H 1
| #define HAVE_UNISTD_H 1
| #define HAVE_WCHAR_H 1
| #define STDC_HEADERS 1
| #define _ALL_SOURCE 1
| #define _DARWIN_C_SOURCE 1
| #define _GNU_SOURCE 1
| #define _HPUX_ALT_XOPEN_SOCKET_API 1
| #define _NETBSD_SOURCE 1
| #define _OPENBSD_SOURCE 1
| #define _POSIX_PTHREAD_SEMANTICS 1
| #define __STDC_WANT_IEC_60559_ATTRIBS_EXT__ 1
| #define __STDC_WANT_IEC_60559_BFP_EXT__ 1
| #define __STDC_WANT_IEC_60559_DFP_EXT__ 1
| #define __STDC_WANT_IEC_60559_FUNCS_EXT__ 1
| #define __STDC_WANT_IEC_60559_TYPES_EXT__ 1
| #define __STDC_WANT_LIB_EXT2__ 1
| #define __STDC_WANT_MATH_SPEC_FUNCS__ 1
| #define _TANDEM_SOURCE 1
| #define __EXTENSIONS__ 1
| #define HAVE_ALLOCA_H 1
| #define HAVE_PATHS_H 1
| #define HAVE_DECL_ISBLANK 1
| #define SIZEOF_INTMAX_T 8
| #define SIZEOF_LONG_LONG_INT 8
| #define HAVE_BSEARCH 1
| #define HAVE_FACCESSAT 1
| #define HAVE_GETPWNAM 1
| #define HAVE_GETRLIMIT 1
| #define HAVE_ISALPHA 1
| #define HAVE_KILLPG 1
| #define HAVE_SIGSETMASK 1
| #define HAVE_STPCPY 1
| /* end confdefs.h.  */
| /* Define strchrnul to an innocuous variant, in case <limits.h> declares strchrnul.
|    For example, HP-UX 11i <limits.h> declares gettimeofday.  */
| #define strchrnul innocuous_strchrnul
| 
| /* System header to define __stub macros and hopefully few prototypes,
|    which can conflict with char strchrnul (); below.  */
| 
| #include <limits.h>
| #undef strchrnul
| 
| /* Override any GCC internal prototype to avoid an error.
|    Use char because int might match the return type of a GCC
|    builtin and then its argument prototype would still apply.  */
| #ifdef __cplusplus
| extern "C"
| #endif
| char strchrnul ();
| /* The GNU C library defines this for functions which it implements
|     to always fail with ENOSYS.  Some functions are actually named
|     something starting with __ and the normal name is an alias.  */
| #if defined __stub_strchrnul || defined __stub___strchrnul
| choke me
| #endif
| 
| int
| main (void)
| {
| return strchrnul ();
|   ;
|   return 0;
| }
configure:5174: result: no
configure:5180: checking for strsignal
configure:5180: gcc -o conftest -g -O2   conftest.c  >&5
configure:5180: $? = 0
configure:5180: result: yes
configure:5186: checking for strtod
configure:5186: gcc -o conftest -g -O2   conftest.c  >&5
conftest.c:68:6: warning: incompatible redeclaration of library function 'strtod' [-Wincompatible-library-redeclaration]
char strtod ();
     ^
conftest.c:68:6: note: 'strtod' is a builtin with type 'double (const char *, char **)'
1 warning generated.
configure:5186: $? = 0
configure:5186: result: yes
configure:5192: checking for strtoimax
configure:5192: gcc -o conftest -g -O2   conftest.c  >&5
configure:5192: $? = 0
configure:5192: result: yes
configure:5198: checking for strtoumax
configure:5198: gcc -o conftest -g -O2   conftest.c  >&5
configure:5198: $? = 0
configure:5198: result: yes
configure:5204: checking for sysconf
configure:5204: gcc -o conftest -g -O2   conftest.c  >&5
configure:5204: $? = 0
configure:5204: result: yes
configure:5261: checking for signal
configure:5261: gcc -o conftest -g -O2   conftest.c  >&5
configure:5261: $? = 0
configure:5261: result: yes
configure:5278: checking for stat
configure:5278: gcc -o conftest -g -O2   conftest.c  >&5
configure:5278: $? = 0
configure:5278: result: yes
configure:5297: checking for open64
configure:5297: gcc -o conftest -g -O2   conftest.c  >&5
Undefined symbols for architecture x86_64:
  "_open64", referenced from:
      _main in conftest-c93508.o
ld: symbol(s) not found for architecture x86_64
clang: error: linker command failed with exit code 1 (use -v to see invocation)
configure:5297: $? = 1
configure: failed program was:
| /* confdefs.h */
| #define PACKAGE_NAME "dash"
| #define PACKAGE_TARNAME "dash"
| #define PACKAGE_VERSION "0.5.9.1"
| #define PACKAGE_STRING "dash 0.5.9.1"
| #define PACKAGE_BUGREPORT ""
| #define PACKAGE_URL ""
| #define PACKAGE "dash"
| #define VERSION "0.5.9.1"
| #define HAVE_STDIO_H 1
| #define HAVE_STDLIB_H 1
| #define HAVE_STRING_H 1
| #define HAVE_INTTYPES_H 1
| #define HAVE_STDINT_H 1
| #define HAVE_STRINGS_H 1
| #define HAVE_SYS_STAT_H 1
| #define HAVE_SYS_TYPES_H 1
| #define HAVE_UNISTD_H 1
| #define HAVE_WCHAR_H 1
| #define STDC_HEADERS 1
| #define _ALL_SOURCE 1
| #define _DARWIN_C_SOURCE 1
| #define _GNU_SOURCE 1
| #define _HPUX_ALT_XOPEN_SOCKET_API 1
| #define _NETBSD_SOURCE 1
| #define _OPENBSD_SOURCE 1
| #define _POSIX_PTHREAD_SEMANTICS 1
| #define __STDC_WANT_IEC_60559_ATTRIBS_EXT__ 1
| #define __STDC_WANT_IEC_60559_BFP_EXT__ 1
| #define __STDC_WANT_IEC_60559_DFP_EXT__ 1
| #define __STDC_WANT_IEC_60559_FUNCS_EXT__ 1
| #define __STDC_WANT_IEC_60559_TYPES_EXT__ 1
| #define __STDC_WANT_LIB_EXT2__ 1
| #define __STDC_WANT_MATH_SPEC_FUNCS__ 1
| #define _TANDEM_SOURCE 1
| #define __EXTENSIONS__ 1
| #define HAVE_ALLOCA_H 1
| #define HAVE_PATHS_H 1
| #define HAVE_DECL_ISBLANK 1
| #define SIZEOF_INTMAX_T 8
| #define SIZEOF_LONG_LONG_INT 8
| #define HAVE_BSEARCH 1
| #define HAVE_FACCESSAT 1
| #define HAVE_GETPWNAM 1
| #define HAVE_GETRLIMIT 1
| #define HAVE_ISALPHA 1
| #define HAVE_KILLPG 1
| #define HAVE_SIGSETMASK 1
| #define HAVE_STPCPY 1
| #define HAVE_STRSIGNAL 1
| #define HAVE_STRTOD 1
| #define HAVE_STRTOIMAX 1
| #define HAVE_STRTOUMAX 1
| #define HAVE_SYSCONF 1
| /* end confdefs.h.  */
| /* Define open64 to an innocuous variant, in case <limits.h> declares open64.
|    For example, HP-UX 11i <limits.h> declares gettimeofday.  */
| #define open64 innocuous_open64
| 
| /* System header to define __stub macros and hopefully few prototypes,
|    which can conflict with char open64 (); below.  */
| 
| #include <limits.h>
| #undef open64
| 
| /* Override any GCC internal prototype to avoid an error.
|    Use char because int might match the return type of a GCC
|    builtin and then its argument prototype would still apply.  */
| #ifdef __cplusplus
| extern "C"
| #endif
| char open64 ();
| /* The GNU C library defines this for functions which it implements
|     to always fail with ENOSYS.  Some functions are actually named
|     something starting with __ and the normal name is an alias.  */
| #if defined __stub_open64 || defined __stub___open64
| choke me
| #endif
| 
| int
| main (void)
| {
| return open64 ();
|   ;
|   return 0;
| }
configure:5297: result: no
configure:5497: checking that generated files are newer than configure
configure:5503: result: done
configure:5526: creating ./config.status

## ---------------- ##
## Cache variables. ##
## ---------------- ##

ac_cv_c_compiler_gnu=yes
ac_cv_c_undeclared_builtin_options='none needed'
ac_cv_env_CC_set=
ac_cv_env_CC_value=
ac_cv_env_CFLAGS_set=
ac_cv_env_CFLAGS_value=
ac_cv_env_CPPFLAGS_set=
ac_cv_env_CPPFLAGS_value=
ac_cv_env_LDFLAGS_set=
ac_cv_env_LDFLAGS_value=
ac_cv_env_LIBS_set=
ac_cv_env_LIBS_value=
ac_cv_env_YACC_set=
ac_cv_env_YACC_value=
ac_cv_env_YFLAGS_set=
ac_cv_env_YFLAGS_value=
ac_cv_env_build_alias_set=
ac_cv_env_build_alias_value=
ac_cv_env_host_alias_set=
ac_cv_env_host_alias_value=
ac_cv_env_target_alias_set=
ac_cv_env_target_alias_value=
ac_cv_func_bsearch=yes
ac_cv_func_faccessat=yes
ac_cv_func_getpwnam=yes
ac_cv_func_getrlimit=yes
ac_cv_func_isalpha=yes
ac_cv_func_killpg=yes
ac_cv_func_mempcpy=no
ac_cv_func_open64=no
ac_cv_func_signal=yes
ac_cv_func_sigsetmask=yes
ac_cv_func_stat=yes
ac_cv_func_stpcpy=yes
ac_cv_func_strchrnul=no
ac_cv_func_strsignal=yes
ac_cv_func_strtod=yes
ac_cv_func_strtoimax=yes
ac_cv_func_strtoumax=yes
ac_cv_func_sysconf=yes
ac_cv_have_decl_PRIdMAX=yes
ac_cv_have_decl__PATH_BSHELL=yes
ac_cv_have_decl__PATH_DEVNULL=yes
ac_cv_have_decl__PATH_TTY=yes
ac_cv_have_decl_isblank=yes
ac_cv_header_alloca_h=yes
ac_cv_header_inttypes_h=yes
ac_cv_header_minix_config_h=no
ac_cv_header_paths_h=yes
ac_cv_header_stdint_h=yes
ac_cv_header_stdio_h=yes
ac_cv_header_stdlib_h=yes
ac_cv_header_string_h=yes
ac_cv_header_strings_h=yes
ac_cv_header_sys_stat_h=yes
ac_cv_header_sys_types_h=yes
ac_cv_header_unistd_h=yes
ac_cv_header_wchar_h=yes
ac_cv_objext=o
ac_cv_path_install='/usr/bin/install -c'
ac_cv_prog_AWK=awk
ac_cv_prog_YACC='bison -y'
ac_cv_prog_ac_ct_CC=gcc
ac_cv_prog_cc_c11=
ac_cv_prog_cc_g=yes
ac_cv_prog_cc_stdc=
ac_cv_prog_make_make_set=yes
ac_cv_safe_to_define___extensions__=yes
ac_cv_should_define__xopen_source=no
ac_cv_sizeof_intmax_t=8
ac_cv_sizeof_long_long_int=8
am_cv_CC_dependencies_compiler_type=gcc3
am_cv_make_support_nested_variables=yes
am_cv_prog_cc_c_o=yes
dash_cv_have_attribute_alias=no

## ----------------- ##
## Output variables. ##
## ----------------- ##

ACLOCAL='${SHELL} '\''/Users/admin/Downloads/dash-master/missing'\'' aclocal-1.16'
AMDEPBACKSLASH='\'
AMDEP_FALSE='#'
AMDEP_TRUE=''
AMTAR='$${TAR-tar}'
AM_BACKSLASH='\'
AM_DEFAULT_V='$(AM_DEFAULT_VERBOSITY)'
AM_DEFAULT_VERBOSITY='1'
AM_V='$(V)'
AUTOCONF='${SHELL} '\''/Users/admin/Downloads/dash-master/missing'\'' autoconf'
AUTOHEADER='${SHELL} '\''/Users/admin/Downloads/dash-master/missing'\'' autoheader'
AUTOMAKE='${SHELL} '\''/Users/admin/Downloads/dash-master/missing'\'' automake-1.16'
AWK='awk'
CC='gcc'
CCDEPMODE='depmode=gcc3'
CC_FOR_BUILD='gcc'
CFLAGS='-g -O2'
CPPFLAGS=''
CYGPATH_W='echo'
DEFS='-DHAVE_CONFIG_H'
DEPDIR='.deps'
ECHO_C='\c'
ECHO_N=''
ECHO_T=''
EXEEXT=''
INSTALL_DATA='${INSTALL} -m 644'
INSTALL_PROGRAM='${INSTALL}'
INSTALL_SCRIPT='${INSTALL}'
INSTALL_STRIP_PROGRAM='$(install_sh) -c -s'
LDFLAGS=''
LIBOBJS=''
LIBS=''
LTLIBOBJS=''
MAKEINFO='${SHELL} '\''/Users/admin/Downloads/dash-master/missing'\'' makeinfo'
MKDIR_P='./install-sh -c -d'
OBJEXT='o'
PACKAGE='dash'
PACKAGE_BUGREPORT=''
PACKAGE_NAME='dash'
PACKAGE_STRING='dash 0.5.9.1'
PACKAGE_TARNAME='dash'
PACKAGE_URL=''
PACKAGE_VERSION='0.5.9.1'
PATH_SEPARATOR=':'
SET_MAKE=''
SHELL='/bin/sh'
STRIP=''
VERSION='0.5.9.1'
YACC='bison -y'
YFLAGS=''
ac_ct_CC='gcc'
am__EXEEXT_FALSE=''
am__EXEEXT_TRUE='#'
am__fastdepCC_FALSE='#'
am__fastdepCC_TRUE=''
am__include='include'
am__isrc=''
am__leading_dot='.'
am__nodep='_no'
am__quote=''
am__tar='$${TAR-tar} chof - "$$tardir"'
am__untar='$${TAR-tar} xf -'
bindir='${exec_prefix}/bin'
build_alias=''
datadir='${datarootdir}'
datarootdir='${prefix}/share'
docdir='${datarootdir}/doc/${PACKAGE_TARNAME}'
dvidir='${docdir}'
exec_prefix='${prefix}'
host_alias=''
htmldir='${docdir}'
includedir='${prefix}/include'
infodir='${datarootdir}/info'
install_sh='${SHELL} /Users/admin/Downloads/dash-master/install-sh'
libdir='${exec_prefix}/lib'
libexecdir='${exec_prefix}/libexec'
localedir='${datarootdir}/locale'
localstatedir='${prefix}/var'
mandir='${datarootdir}/man'
mkdir_p='$(MKDIR_P)'
oldincludedir='/usr/include'
pdfdir='${docdir}'
prefix='/tmp'
program_transform_name='s,x,x,'
psdir='${docdir}'
runstatedir='${localstatedir}/run'
sbindir='${exec_prefix}/sbin'
sharedstatedir='${prefix}/com'
sysconfdir='${prefix}/etc'
target_alias=''

## ----------- ##
## confdefs.h. ##
## ----------- ##

/* confdefs.h */
#define PACKAGE_NAME "dash"
#define PACKAGE_TARNAME "dash"
#define PACKAGE_VERSION "0.5.9.1"
#define PACKAGE_STRING "dash 0.5.9.1"
#define PACKAGE_BUGREPORT ""
#define PACKAGE_URL ""
#define PACKAGE "dash"
#define VERSION "0.5.9.1"
#define HAVE_STDIO_H 1
#define HAVE_STDLIB_H 1
#define HAVE_STRING_H 1
#define HAVE_INTTYPES_H 1
#define HAVE_STDINT_H 1
#define HAVE_STRINGS_H 1
#define HAVE_SYS_STAT_H 1
#define HAVE_SYS_TYPES_H 1
#define HAVE_UNISTD_H 1
#define HAVE_WCHAR_H 1
#define STDC_HEADERS 1
#define _ALL_SOURCE 1
#define _DARWIN_C_SOURCE 1
#define _GNU_SOURCE 1
#define _HPUX_ALT_XOPEN_SOCKET_API 1
#define _NETBSD_SOURCE 1
#define _OPENBSD_SOURCE 1
#define _POSIX_PTHREAD_SEMANTICS 1
#define __STDC_WANT_IEC_60559_ATTRIBS_EXT__ 1
#define __STDC_WANT_IEC_60559_BFP_EXT__ 1
#define __STDC_WANT_IEC_60559_DFP_EXT__ 1
#define __STDC_WANT_IEC_60559_FUNCS_EXT__ 1
#define __STDC_WANT_IEC_60559_TYPES_EXT__ 1
#define __STDC_WANT_LIB_EXT2__ 1
#define __STDC_WANT_MATH_SPEC_FUNCS__ 1
#define _TANDEM_SOURCE 1
#define __EXTENSIONS__ 1
#define HAVE_ALLOCA_H 1
#define HAVE_PATHS_H 1
#define HAVE_DECL_ISBLANK 1
#define SIZEOF_INTMAX_T 8
#define SIZEOF_LONG_LONG_INT 8
#define HAVE_BSEARCH 1
#define HAVE_FACCESSAT 1
#define HAVE_GETPWNAM 1
#define HAVE_GETRLIMIT 1
#define HAVE_ISALPHA 1
#define HAVE_KILLPG 1
#define HAVE_SIGSETMASK 1
#define HAVE_STPCPY 1
#define HAVE_STRSIGNAL 1
#define HAVE_STRTOD 1
#define HAVE_STRTOIMAX 1
#define HAVE_STRTOUMAX 1
#define HAVE_SYSCONF 1
#define open64 open
#define SMALL 1
#define WITH_LINENO 1

configure: exit 0

## ---------------------- ##
## Running config.status. ##
## ---------------------- ##

This file was extended by dash config.status 0.5.9.1, which was
generated by GNU Autoconf 2.71.  Invocation command line was

  CONFIG_FILES    = 
  CONFIG_HEADERS  = 
  CONFIG_LINKS    = 
  CONFIG_COMMANDS = 
  $ ./config.status 

on 192.168.1.4

config.status:885: creating Makefile
config.status:885: creating src/Makefile
config.status:885: creating config.h
config.status:1066: config.h is unchanged
config.status:1114: executing depfiles commands
config.status:1191: cd src       && sed -e '/# am--include-marker/d' Makefile         | make -f - am--depfiles
make[1]: Nothing to be done for `am--depfiles'.
config.status:1196: $? = 0

## ---------------------- ##
## Running config.status. ##
## ---------------------- ##

This file was extended by dash config.status 0.5.9.1, which was
generated by GNU Autoconf 2.71.  Invocation command line was

  CONFIG_FILES    = 
  CONFIG_HEADERS  = 
  CONFIG_LINKS    = 
  CONFIG_COMMANDS = 
  $ ./config.status config.h

on 192.168.1.4

config.status:885: creating config.h
config.status:1066: config.h is unchanged
